{"/Users/binde/projects/abacus/src/lib/beads.ts": {"path":"/Users/binde/projects/abacus/src/lib/beads.ts","statementMap":{"0":{"start":{"line":27,"column":16},"end":{"line":27,"column":null}},"1":{"start":{"line":27,"column":58},"end":{"line":27,"column":69}},"2":{"start":{"line":28,"column":2},"end":{"line":31,"column":null}},"3":{"start":{"line":29,"column":16},"end":{"line":29,"column":null}},"4":{"start":{"line":30,"column":4},"end":{"line":30,"column":null}},"5":{"start":{"line":36,"column":16},"end":{"line":36,"column":null}},"6":{"start":{"line":37,"column":2},"end":{"line":39,"column":null}},"7":{"start":{"line":38,"column":4},"end":{"line":38,"column":null}},"8":{"start":{"line":41,"column":32},"end":{"line":41,"column":null}},"9":{"start":{"line":42,"column":15},"end":{"line":42,"column":null}},"10":{"start":{"line":44,"column":2},"end":{"line":47,"column":null}},"11":{"start":{"line":51,"column":50},"end":{"line":51,"column":null}},"12":{"start":{"line":52,"column":2},"end":{"line":62,"column":null}},"13":{"start":{"line":53,"column":18},"end":{"line":53,"column":null}},"14":{"start":{"line":54,"column":4},"end":{"line":61,"column":null}},"15":{"start":{"line":55,"column":29},"end":{"line":55,"column":null}},"16":{"start":{"line":57,"column":22},"end":{"line":57,"column":null}},"17":{"start":{"line":59,"column":18},"end":{"line":59,"column":null}},"18":{"start":{"line":60,"column":6},"end":{"line":60,"column":null}},"19":{"start":{"line":63,"column":2},"end":{"line":63,"column":null}},"20":{"start":{"line":67,"column":2},"end":{"line":79,"column":null}},"21":{"start":{"line":83,"column":12},"end":{"line":83,"column":null}},"22":{"start":{"line":84,"column":2},"end":{"line":84,"column":null}},"23":{"start":{"line":84,"column":22},"end":{"line":84,"column":null}},"24":{"start":{"line":85,"column":2},"end":{"line":85,"column":null}},"25":{"start":{"line":85,"column":50},"end":{"line":85,"column":null}},"26":{"start":{"line":86,"column":2},"end":{"line":86,"column":null}},"27":{"start":{"line":90,"column":12},"end":{"line":90,"column":null}},"28":{"start":{"line":91,"column":2},"end":{"line":91,"column":null}},"29":{"start":{"line":91,"column":19},"end":{"line":91,"column":null}},"30":{"start":{"line":92,"column":2},"end":{"line":92,"column":null}},"31":{"start":{"line":92,"column":23},"end":{"line":92,"column":null}},"32":{"start":{"line":93,"column":2},"end":{"line":93,"column":null}},"33":{"start":{"line":93,"column":20},"end":{"line":93,"column":null}},"34":{"start":{"line":94,"column":2},"end":{"line":94,"column":null}},"35":{"start":{"line":99,"column":2},"end":{"line":109,"column":null}},"36":{"start":{"line":114,"column":22},"end":{"line":122,"column":null}},"37":{"start":{"line":124,"column":2},"end":{"line":126,"column":null}},"38":{"start":{"line":125,"column":4},"end":{"line":125,"column":null}},"39":{"start":{"line":128,"column":2},"end":{"line":128,"column":null}},"40":{"start":{"line":129,"column":2},"end":{"line":129,"column":null}},"41":{"start":{"line":130,"column":2},"end":{"line":130,"column":null}},"42":{"start":{"line":131,"column":2},"end":{"line":131,"column":null}},"43":{"start":{"line":133,"column":2},"end":{"line":136,"column":null}},"44":{"start":{"line":134,"column":4},"end":{"line":134,"column":null}},"45":{"start":{"line":135,"column":4},"end":{"line":135,"column":null}},"46":{"start":{"line":138,"column":2},"end":{"line":138,"column":null}},"47":{"start":{"line":143,"column":16},"end":{"line":143,"column":null}},"48":{"start":{"line":144,"column":13},"end":{"line":144,"column":null}},"49":{"start":{"line":145,"column":2},"end":{"line":147,"column":null}},"50":{"start":{"line":145,"column":15},"end":{"line":145,"column":18}},"51":{"start":{"line":146,"column":4},"end":{"line":146,"column":null}},"52":{"start":{"line":148,"column":2},"end":{"line":148,"column":null}},"53":{"start":{"line":153,"column":16},"end":{"line":153,"column":null}},"54":{"start":{"line":154,"column":29},"end":{"line":154,"column":null}},"55":{"start":{"line":155,"column":14},"end":{"line":155,"column":null}},"56":{"start":{"line":157,"column":2},"end":{"line":166,"column":null}},"57":{"start":{"line":158,"column":4},"end":{"line":158,"column":null}},"58":{"start":{"line":158,"column":22},"end":{"line":158,"column":null}},"59":{"start":{"line":159,"column":16},"end":{"line":159,"column":null}},"60":{"start":{"line":160,"column":4},"end":{"line":165,"column":null}},"61":{"start":{"line":161,"column":6},"end":{"line":161,"column":null}},"62":{"start":{"line":162,"column":6},"end":{"line":162,"column":null}},"63":{"start":{"line":164,"column":6},"end":{"line":164,"column":null}},"64":{"start":{"line":168,"column":2},"end":{"line":170,"column":null}},"65":{"start":{"line":169,"column":4},"end":{"line":169,"column":null}},"66":{"start":{"line":172,"column":2},"end":{"line":172,"column":null}},"67":{"start":{"line":177,"column":16},"end":{"line":177,"column":null}},"68":{"start":{"line":178,"column":19},"end":{"line":182,"column":null}},"69":{"start":{"line":179,"column":4},"end":{"line":179,"column":null}},"70":{"start":{"line":179,"column":22},"end":{"line":179,"column":null}},"71":{"start":{"line":180,"column":16},"end":{"line":180,"column":null}},"72":{"start":{"line":181,"column":4},"end":{"line":181,"column":null}},"73":{"start":{"line":183,"column":2},"end":{"line":183,"column":null}}},"fnMap":{"0":{"name":"parseJsonlIssues","decl":{"start":{"line":26,"column":16},"end":{"line":26,"column":33}},"loc":{"start":{"line":26,"column":59},"end":{"line":32,"column":null}},"line":26},"1":{"name":"(anonymous_1)","decl":{"start":{"line":27,"column":50},"end":{"line":27,"column":58}},"loc":{"start":{"line":27,"column":58},"end":{"line":27,"column":69}},"line":27},"2":{"name":"(anonymous_2)","decl":{"start":{"line":28,"column":19},"end":{"line":28,"column":27}},"loc":{"start":{"line":28,"column":27},"end":{"line":31,"column":3}},"line":28},"3":{"name":"parseMarkdownIssue","decl":{"start":{"line":35,"column":16},"end":{"line":35,"column":35}},"loc":{"start":{"line":35,"column":59},"end":{"line":48,"column":null}},"line":35},"4":{"name":"parseYamlFrontmatter","decl":{"start":{"line":50,"column":9},"end":{"line":50,"column":30}},"loc":{"start":{"line":50,"column":77},"end":{"line":64,"column":null}},"line":50},"5":{"name":"normalizeIssue","decl":{"start":{"line":66,"column":9},"end":{"line":66,"column":24}},"loc":{"start":{"line":66,"column":61},"end":{"line":80,"column":null}},"line":66},"6":{"name":"normalizeStatus","decl":{"start":{"line":82,"column":9},"end":{"line":82,"column":25}},"loc":{"start":{"line":82,"column":59},"end":{"line":87,"column":null}},"line":82},"7":{"name":"normalizeType","decl":{"start":{"line":89,"column":9},"end":{"line":89,"column":23}},"loc":{"start":{"line":89,"column":59},"end":{"line":95,"column":null}},"line":89},"8":{"name":"serializeJsonlIssue","decl":{"start":{"line":98,"column":16},"end":{"line":98,"column":36}},"loc":{"start":{"line":98,"column":58},"end":{"line":110,"column":null}},"line":98},"9":{"name":"serializeMarkdownIssue","decl":{"start":{"line":113,"column":16},"end":{"line":113,"column":39}},"loc":{"start":{"line":113,"column":61},"end":{"line":139,"column":null}},"line":113},"10":{"name":"generateId","decl":{"start":{"line":142,"column":16},"end":{"line":142,"column":27}},"loc":{"start":{"line":142,"column":51},"end":{"line":149,"column":null}},"line":142},"11":{"name":"updateJsonlContent","decl":{"start":{"line":152,"column":16},"end":{"line":152,"column":35}},"loc":{"start":{"line":152,"column":74},"end":{"line":173,"column":null}},"line":152},"12":{"name":"removeFromJsonl","decl":{"start":{"line":176,"column":16},"end":{"line":176,"column":32}},"loc":{"start":{"line":176,"column":74},"end":{"line":184,"column":null}},"line":176},"13":{"name":"(anonymous_13)","decl":{"start":{"line":178,"column":32},"end":{"line":178,"column":40}},"loc":{"start":{"line":178,"column":40},"end":{"line":182,"column":3}},"line":178}},"branchMap":{"0":{"loc":{"start":{"line":37,"column":2},"end":{"line":39,"column":null}},"type":"if","locations":[{"start":{"line":37,"column":2},"end":{"line":39,"column":null}},{"start":{},"end":{}}],"line":37},"1":{"loc":{"start":{"line":54,"column":4},"end":{"line":61,"column":null}},"type":"if","locations":[{"start":{"line":54,"column":4},"end":{"line":61,"column":null}},{"start":{},"end":{}}],"line":54},"2":{"loc":{"start":{"line":60,"column":20},"end":{"line":60,"column":null}},"type":"cond-expr","locations":[{"start":{"line":60,"column":33},"end":{"line":60,"column":43}},{"start":{"line":60,"column":43},"end":{"line":60,"column":null}}],"line":60},"3":{"loc":{"start":{"line":68,"column":15},"end":{"line":68,"column":27}},"type":"binary-expr","locations":[{"start":{"line":68,"column":15},"end":{"line":68,"column":25}},{"start":{"line":68,"column":25},"end":{"line":68,"column":27}}],"line":68},"4":{"loc":{"start":{"line":69,"column":18},"end":{"line":69,"column":33}},"type":"binary-expr","locations":[{"start":{"line":69,"column":18},"end":{"line":69,"column":31}},{"start":{"line":69,"column":31},"end":{"line":69,"column":33}}],"line":69},"5":{"loc":{"start":{"line":70,"column":17},"end":{"line":70,"column":null}},"type":"cond-expr","locations":[{"start":{"line":70,"column":35},"end":{"line":70,"column":61}},{"start":{"line":70,"column":61},"end":{"line":70,"column":null}}],"line":70},"6":{"loc":{"start":{"line":72,"column":14},"end":{"line":72,"column":null}},"type":"binary-expr","locations":[{"start":{"line":72,"column":14},"end":{"line":72,"column":38}},{"start":{"line":72,"column":38},"end":{"line":72,"column":null}}],"line":72},"7":{"loc":{"start":{"line":73,"column":30},"end":{"line":73,"column":56}},"type":"binary-expr","locations":[{"start":{"line":73,"column":30},"end":{"line":73,"column":48}},{"start":{"line":73,"column":48},"end":{"line":73,"column":56}}],"line":73},"8":{"loc":{"start":{"line":74,"column":23},"end":{"line":74,"column":80}},"type":"binary-expr","locations":[{"start":{"line":74,"column":23},"end":{"line":74,"column":41}},{"start":{"line":74,"column":41},"end":{"line":74,"column":56}},{"start":{"line":74,"column":45},"end":{"line":74,"column":80}}],"line":74},"9":{"loc":{"start":{"line":75,"column":16},"end":{"line":75,"column":null}},"type":"cond-expr","locations":[{"start":{"line":75,"column":33},"end":{"line":75,"column":58}},{"start":{"line":75,"column":58},"end":{"line":75,"column":null}}],"line":75},"10":{"loc":{"start":{"line":76,"column":15},"end":{"line":76,"column":null}},"type":"cond-expr","locations":[{"start":{"line":76,"column":31},"end":{"line":76,"column":55}},{"start":{"line":76,"column":55},"end":{"line":76,"column":null}}],"line":76},"11":{"loc":{"start":{"line":77,"column":12},"end":{"line":77,"column":null}},"type":"cond-expr","locations":[{"start":{"line":77,"column":25},"end":{"line":77,"column":46}},{"start":{"line":77,"column":46},"end":{"line":77,"column":null}}],"line":77},"12":{"loc":{"start":{"line":78,"column":11},"end":{"line":78,"column":null}},"type":"cond-expr","locations":[{"start":{"line":78,"column":38},"end":{"line":78,"column":66}},{"start":{"line":78,"column":66},"end":{"line":78,"column":null}}],"line":78},"13":{"loc":{"start":{"line":83,"column":19},"end":{"line":83,"column":35}},"type":"binary-expr","locations":[{"start":{"line":83,"column":19},"end":{"line":83,"column":29}},{"start":{"line":83,"column":29},"end":{"line":83,"column":35}}],"line":83},"14":{"loc":{"start":{"line":84,"column":2},"end":{"line":84,"column":null}},"type":"if","locations":[{"start":{"line":84,"column":2},"end":{"line":84,"column":null}},{"start":{},"end":{}}],"line":84},"15":{"loc":{"start":{"line":85,"column":2},"end":{"line":85,"column":null}},"type":"if","locations":[{"start":{"line":85,"column":2},"end":{"line":85,"column":null}},{"start":{},"end":{}}],"line":85},"16":{"loc":{"start":{"line":85,"column":6},"end":{"line":85,"column":50}},"type":"binary-expr","locations":[{"start":{"line":85,"column":6},"end":{"line":85,"column":29}},{"start":{"line":85,"column":29},"end":{"line":85,"column":50}}],"line":85},"17":{"loc":{"start":{"line":90,"column":19},"end":{"line":90,"column":33}},"type":"binary-expr","locations":[{"start":{"line":90,"column":19},"end":{"line":90,"column":27}},{"start":{"line":90,"column":27},"end":{"line":90,"column":33}}],"line":90},"18":{"loc":{"start":{"line":91,"column":2},"end":{"line":91,"column":null}},"type":"if","locations":[{"start":{"line":91,"column":2},"end":{"line":91,"column":null}},{"start":{},"end":{}}],"line":91},"19":{"loc":{"start":{"line":92,"column":2},"end":{"line":92,"column":null}},"type":"if","locations":[{"start":{"line":92,"column":2},"end":{"line":92,"column":null}},{"start":{},"end":{}}],"line":92},"20":{"loc":{"start":{"line":93,"column":2},"end":{"line":93,"column":null}},"type":"if","locations":[{"start":{"line":93,"column":2},"end":{"line":93,"column":null}},{"start":{},"end":{}}],"line":93},"21":{"loc":{"start":{"line":102,"column":17},"end":{"line":102,"column":null}},"type":"binary-expr","locations":[{"start":{"line":102,"column":17},"end":{"line":102,"column":38}},{"start":{"line":102,"column":38},"end":{"line":102,"column":null}}],"line":102},"22":{"loc":{"start":{"line":107,"column":16},"end":{"line":107,"column":null}},"type":"binary-expr","locations":[{"start":{"line":107,"column":16},"end":{"line":107,"column":36}},{"start":{"line":107,"column":22},"end":{"line":107,"column":null}}],"line":107},"23":{"loc":{"start":{"line":124,"column":2},"end":{"line":126,"column":null}},"type":"if","locations":[{"start":{"line":124,"column":2},"end":{"line":126,"column":null}},{"start":{},"end":{}}],"line":124},"24":{"loc":{"start":{"line":133,"column":2},"end":{"line":136,"column":null}},"type":"if","locations":[{"start":{"line":133,"column":2},"end":{"line":136,"column":null}},{"start":{},"end":{}}],"line":133},"25":{"loc":{"start":{"line":158,"column":4},"end":{"line":158,"column":null}},"type":"if","locations":[{"start":{"line":158,"column":4},"end":{"line":158,"column":null}},{"start":{},"end":{}}],"line":158},"26":{"loc":{"start":{"line":160,"column":4},"end":{"line":165,"column":null}},"type":"if","locations":[{"start":{"line":160,"column":4},"end":{"line":165,"column":null}},{"start":{"line":163,"column":11},"end":{"line":165,"column":null}}],"line":160},"27":{"loc":{"start":{"line":168,"column":2},"end":{"line":170,"column":null}},"type":"if","locations":[{"start":{"line":168,"column":2},"end":{"line":170,"column":null}},{"start":{},"end":{}}],"line":168},"28":{"loc":{"start":{"line":179,"column":4},"end":{"line":179,"column":null}},"type":"if","locations":[{"start":{"line":179,"column":4},"end":{"line":179,"column":null}},{"start":{},"end":{}}],"line":179}},"s":{"0":20,"1":23,"2":20,"3":22,"4":22,"5":4,"6":4,"7":1,"8":3,"9":3,"10":3,"11":3,"12":3,"13":18,"14":18,"15":18,"16":18,"17":18,"18":18,"19":3,"20":25,"21":25,"22":25,"23":2,"24":23,"25":3,"26":20,"27":25,"28":25,"29":5,"30":20,"31":2,"32":18,"33":1,"34":17,"35":6,"36":3,"37":3,"38":1,"39":3,"40":3,"41":3,"42":3,"43":3,"44":1,"45":1,"46":3,"47":104,"48":104,"49":104,"50":104,"51":312,"52":104,"53":2,"54":2,"55":2,"56":2,"57":3,"58":0,"59":3,"60":3,"61":1,"62":1,"63":2,"64":2,"65":1,"66":2,"67":2,"68":2,"69":4,"70":0,"71":4,"72":4,"73":2},"f":{"0":20,"1":23,"2":22,"3":4,"4":3,"5":25,"6":25,"7":25,"8":6,"9":3,"10":104,"11":2,"12":2,"13":4},"b":{"0":[1,3],"1":[18,0],"2":[15,3],"3":[25,0],"4":[25,0],"5":[4,21],"6":[25,1],"7":[25,4],"8":[25,3,0],"9":[1,24],"10":[0,25],"11":[1,24],"12":[1,24],"13":[25,0],"14":[2,23],"15":[3,20],"16":[23,21],"17":[25,0],"18":[5,20],"19":[2,18],"20":[1,17],"21":[6,5],"22":[6,6],"23":[1,2],"24":[1,2],"25":[0,3],"26":[1,2],"27":[1,1],"28":[0,4]},"meta":{"lastBranch":29,"lastFunction":14,"lastStatement":74,"seen":{"f:26:16:26:33":0,"s:27:16:27:Infinity":0,"f:27:50:27:58":1,"s:27:58:27:69":1,"s:28:2:31:Infinity":2,"f:28:19:28:27":2,"s:29:16:29:Infinity":3,"s:30:4:30:Infinity":4,"f:35:16:35:35":3,"s:36:16:36:Infinity":5,"b:37:2:39:Infinity:undefined:undefined:undefined:undefined":0,"s:37:2:39:Infinity":6,"s:38:4:38:Infinity":7,"s:41:32:41:Infinity":8,"s:42:15:42:Infinity":9,"s:44:2:47:Infinity":10,"f:50:9:50:30":4,"s:51:50:51:Infinity":11,"s:52:2:62:Infinity":12,"s:53:18:53:Infinity":13,"b:54:4:61:Infinity:undefined:undefined:undefined:undefined":1,"s:54:4:61:Infinity":14,"s:55:29:55:Infinity":15,"s:57:22:57:Infinity":16,"s:59:18:59:Infinity":17,"s:60:6:60:Infinity":18,"b:60:33:60:43:60:43:60:Infinity":2,"s:63:2:63:Infinity":19,"f:66:9:66:24":5,"s:67:2:79:Infinity":20,"b:68:15:68:25:68:25:68:27":3,"b:69:18:69:31:69:31:69:33":4,"b:70:35:70:61:70:61:70:Infinity":5,"b:72:14:72:38:72:38:72:Infinity":6,"b:73:30:73:48:73:48:73:56":7,"b:74:23:74:41:74:41:74:56:74:45:74:80":8,"b:75:33:75:58:75:58:75:Infinity":9,"b:76:31:76:55:76:55:76:Infinity":10,"b:77:25:77:46:77:46:77:Infinity":11,"b:78:38:78:66:78:66:78:Infinity":12,"f:82:9:82:25":6,"s:83:12:83:Infinity":21,"b:83:19:83:29:83:29:83:35":13,"b:84:2:84:Infinity:undefined:undefined:undefined:undefined":14,"s:84:2:84:Infinity":22,"s:84:22:84:Infinity":23,"b:85:2:85:Infinity:undefined:undefined:undefined:undefined":15,"s:85:2:85:Infinity":24,"b:85:6:85:29:85:29:85:50":16,"s:85:50:85:Infinity":25,"s:86:2:86:Infinity":26,"f:89:9:89:23":7,"s:90:12:90:Infinity":27,"b:90:19:90:27:90:27:90:33":17,"b:91:2:91:Infinity:undefined:undefined:undefined:undefined":18,"s:91:2:91:Infinity":28,"s:91:19:91:Infinity":29,"b:92:2:92:Infinity:undefined:undefined:undefined:undefined":19,"s:92:2:92:Infinity":30,"s:92:23:92:Infinity":31,"b:93:2:93:Infinity:undefined:undefined:undefined:undefined":20,"s:93:2:93:Infinity":32,"s:93:20:93:Infinity":33,"s:94:2:94:Infinity":34,"f:98:16:98:36":8,"s:99:2:109:Infinity":35,"b:102:17:102:38:102:38:102:Infinity":21,"b:107:16:107:36:107:22:107:Infinity":22,"f:113:16:113:39":9,"s:114:22:122:Infinity":36,"b:124:2:126:Infinity:undefined:undefined:undefined:undefined":23,"s:124:2:126:Infinity":37,"s:125:4:125:Infinity":38,"s:128:2:128:Infinity":39,"s:129:2:129:Infinity":40,"s:130:2:130:Infinity":41,"s:131:2:131:Infinity":42,"b:133:2:136:Infinity:undefined:undefined:undefined:undefined":24,"s:133:2:136:Infinity":43,"s:134:4:134:Infinity":44,"s:135:4:135:Infinity":45,"s:138:2:138:Infinity":46,"f:142:16:142:27":10,"s:143:16:143:Infinity":47,"s:144:13:144:Infinity":48,"s:145:2:147:Infinity":49,"s:145:15:145:18":50,"s:146:4:146:Infinity":51,"s:148:2:148:Infinity":52,"f:152:16:152:35":11,"s:153:16:153:Infinity":53,"s:154:29:154:Infinity":54,"s:155:14:155:Infinity":55,"s:157:2:166:Infinity":56,"b:158:4:158:Infinity:undefined:undefined:undefined:undefined":25,"s:158:4:158:Infinity":57,"s:158:22:158:Infinity":58,"s:159:16:159:Infinity":59,"b:160:4:165:Infinity:163:11:165:Infinity":26,"s:160:4:165:Infinity":60,"s:161:6:161:Infinity":61,"s:162:6:162:Infinity":62,"s:164:6:164:Infinity":63,"b:168:2:170:Infinity:undefined:undefined:undefined:undefined":27,"s:168:2:170:Infinity":64,"s:169:4:169:Infinity":65,"s:172:2:172:Infinity":66,"f:176:16:176:32":12,"s:177:16:177:Infinity":67,"s:178:19:182:Infinity":68,"f:178:32:178:40":13,"b:179:4:179:Infinity:undefined:undefined:undefined:undefined":28,"s:179:4:179:Infinity":69,"s:179:22:179:Infinity":70,"s:180:16:180:Infinity":71,"s:181:4:181:Infinity":72,"s:183:2:183:Infinity":73}}}
,"/Users/binde/projects/abacus/src/lib/github.ts": {"path":"/Users/binde/projects/abacus/src/lib/github.ts","statementMap":{"0":{"start":{"line":3,"column":19},"end":{"line":3,"column":null}},"1":{"start":{"line":17,"column":22},"end":{"line":17,"column":37}},"2":{"start":{"line":20,"column":16},"end":{"line":28,"column":null}},"3":{"start":{"line":30,"column":4},"end":{"line":40,"column":null}},"4":{"start":{"line":31,"column":33},"end":{"line":34,"column":null}},"5":{"start":{"line":35,"column":6},"end":{"line":38,"column":null}},"6":{"start":{"line":36,"column":21},"end":{"line":36,"column":null}},"7":{"start":{"line":37,"column":8},"end":{"line":37,"column":null}},"8":{"start":{"line":39,"column":6},"end":{"line":39,"column":null}},"9":{"start":{"line":42,"column":4},"end":{"line":42,"column":null}},"10":{"start":{"line":46,"column":4},"end":{"line":59,"column":null}},"11":{"start":{"line":47,"column":19},"end":{"line":49,"column":null}},"12":{"start":{"line":50,"column":6},"end":{"line":54,"column":null}},"13":{"start":{"line":56,"column":20},"end":{"line":56,"column":null}},"14":{"start":{"line":57,"column":6},"end":{"line":57,"column":null}},"15":{"start":{"line":57,"column":32},"end":{"line":57,"column":null}},"16":{"start":{"line":58,"column":6},"end":{"line":58,"column":null}},"17":{"start":{"line":63,"column":4},"end":{"line":72,"column":null}},"18":{"start":{"line":64,"column":19},"end":{"line":66,"column":null}},"19":{"start":{"line":67,"column":6},"end":{"line":67,"column":null}},"20":{"start":{"line":67,"column":30},"end":{"line":67,"column":47}},"21":{"start":{"line":67,"column":58},"end":{"line":67,"column":64}},"22":{"start":{"line":69,"column":20},"end":{"line":69,"column":null}},"23":{"start":{"line":70,"column":6},"end":{"line":70,"column":null}},"24":{"start":{"line":70,"column":32},"end":{"line":70,"column":null}},"25":{"start":{"line":71,"column":6},"end":{"line":71,"column":null}},"26":{"start":{"line":83,"column":41},"end":{"line":86,"column":null}},"27":{"start":{"line":87,"column":4},"end":{"line":89,"column":null}},"28":{"start":{"line":88,"column":6},"end":{"line":88,"column":null}},"29":{"start":{"line":91,"column":17},"end":{"line":98,"column":null}},"30":{"start":{"line":100,"column":4},"end":{"line":100,"column":null}},"31":{"start":{"line":110,"column":4},"end":{"line":117,"column":null}},"32":{"start":{"line":121,"column":4},"end":{"line":126,"column":null}},"33":{"start":{"line":122,"column":6},"end":{"line":122,"column":null}},"34":{"start":{"line":123,"column":6},"end":{"line":123,"column":null}},"35":{"start":{"line":125,"column":6},"end":{"line":125,"column":null}}},"fnMap":{"0":{"name":"(anonymous_0)","decl":{"start":{"line":17,"column":2},"end":{"line":17,"column":22}},"loc":{"start":{"line":17,"column":37},"end":{"line":17,"column":null}},"line":17},"1":{"name":"(anonymous_1)","decl":{"start":{"line":19,"column":16},"end":{"line":19,"column":27}},"loc":{"start":{"line":19,"column":80},"end":{"line":43,"column":null}},"line":19},"2":{"name":"(anonymous_2)","decl":{"start":{"line":45,"column":8},"end":{"line":45,"column":16}},"loc":{"start":{"line":45,"column":87},"end":{"line":60,"column":null}},"line":45},"3":{"name":"(anonymous_3)","decl":{"start":{"line":62,"column":8},"end":{"line":62,"column":22}},"loc":{"start":{"line":62,"column":84},"end":{"line":73,"column":null}},"line":62},"4":{"name":"(anonymous_4)","decl":{"start":{"line":67,"column":25},"end":{"line":67,"column":30}},"loc":{"start":{"line":67,"column":30},"end":{"line":67,"column":47}},"line":67},"5":{"name":"(anonymous_5)","decl":{"start":{"line":67,"column":53},"end":{"line":67,"column":58}},"loc":{"start":{"line":67,"column":58},"end":{"line":67,"column":64}},"line":67},"6":{"name":"(anonymous_6)","decl":{"start":{"line":75,"column":8},"end":{"line":75,"column":null}},"loc":{"start":{"line":82,"column":30},"end":{"line":101,"column":null}},"line":82},"7":{"name":"(anonymous_7)","decl":{"start":{"line":103,"column":8},"end":{"line":103,"column":null}},"loc":{"start":{"line":109,"column":19},"end":{"line":118,"column":null}},"line":109},"8":{"name":"(anonymous_8)","decl":{"start":{"line":120,"column":8},"end":{"line":120,"column":19}},"loc":{"start":{"line":120,"column":66},"end":{"line":127,"column":null}},"line":120}},"branchMap":{"0":{"loc":{"start":{"line":19,"column":41},"end":{"line":19,"column":80}},"type":"default-arg","locations":[{"start":{"line":19,"column":64},"end":{"line":19,"column":80}}],"line":19},"1":{"loc":{"start":{"line":30,"column":4},"end":{"line":40,"column":null}},"type":"if","locations":[{"start":{"line":30,"column":4},"end":{"line":40,"column":null}},{"start":{},"end":{}}],"line":30},"2":{"loc":{"start":{"line":37,"column":24},"end":{"line":37,"column":null}},"type":"binary-expr","locations":[{"start":{"line":37,"column":24},"end":{"line":37,"column":40}},{"start":{"line":37,"column":40},"end":{"line":37,"column":null}}],"line":37},"3":{"loc":{"start":{"line":57,"column":6},"end":{"line":57,"column":null}},"type":"if","locations":[{"start":{"line":57,"column":6},"end":{"line":57,"column":null}},{"start":{},"end":{}}],"line":57},"4":{"loc":{"start":{"line":70,"column":6},"end":{"line":70,"column":null}},"type":"if","locations":[{"start":{"line":70,"column":6},"end":{"line":70,"column":null}},{"start":{},"end":{}}],"line":70},"5":{"loc":{"start":{"line":87,"column":4},"end":{"line":89,"column":null}},"type":"if","locations":[{"start":{"line":87,"column":4},"end":{"line":89,"column":null}},{"start":{},"end":{}}],"line":87}},"s":{"0":1,"1":17,"2":17,"3":17,"4":8,"5":8,"6":8,"7":7,"8":8,"9":9,"10":5,"11":5,"12":2,"13":3,"14":3,"15":1,"16":2,"17":3,"18":3,"19":2,"20":6,"21":3,"22":1,"23":1,"24":1,"25":0,"26":4,"27":4,"28":2,"29":4,"30":2,"31":1,"32":4,"33":4,"34":2,"35":2},"f":{"0":17,"1":17,"2":5,"3":3,"4":6,"5":3,"6":4,"7":1,"8":4},"b":{"0":[17],"1":[8,9],"2":[7,0],"3":[1,2],"4":[1,0],"5":[2,2]},"meta":{"lastBranch":6,"lastFunction":9,"lastStatement":36,"seen":{"s:3:19:3:Infinity":0,"f:17:2:17:22":0,"s:17:22:17:37":1,"f:19:16:19:27":1,"b:19:64:19:80":0,"s:20:16:28:Infinity":2,"b:30:4:40:Infinity:undefined:undefined:undefined:undefined":1,"s:30:4:40:Infinity":3,"s:31:33:34:Infinity":4,"s:35:6:38:Infinity":5,"s:36:21:36:Infinity":6,"s:37:8:37:Infinity":7,"b:37:24:37:40:37:40:37:Infinity":2,"s:39:6:39:Infinity":8,"s:42:4:42:Infinity":9,"f:45:8:45:16":2,"s:46:4:59:Infinity":10,"s:47:19:49:Infinity":11,"s:50:6:54:Infinity":12,"s:56:20:56:Infinity":13,"b:57:6:57:Infinity:undefined:undefined:undefined:undefined":3,"s:57:6:57:Infinity":14,"s:57:32:57:Infinity":15,"s:58:6:58:Infinity":16,"f:62:8:62:22":3,"s:63:4:72:Infinity":17,"s:64:19:66:Infinity":18,"s:67:6:67:Infinity":19,"f:67:25:67:30":4,"s:67:30:67:47":20,"f:67:53:67:58":5,"s:67:58:67:64":21,"s:69:20:69:Infinity":22,"b:70:6:70:Infinity:undefined:undefined:undefined:undefined":4,"s:70:6:70:Infinity":23,"s:70:32:70:Infinity":24,"s:71:6:71:Infinity":25,"f:75:8:75:Infinity":6,"s:83:41:86:Infinity":26,"b:87:4:89:Infinity:undefined:undefined:undefined:undefined":5,"s:87:4:89:Infinity":27,"s:88:6:88:Infinity":28,"s:91:17:98:Infinity":29,"s:100:4:100:Infinity":30,"f:103:8:103:Infinity":7,"s:110:4:117:Infinity":31,"f:120:8:120:19":8,"s:121:4:126:Infinity":32,"s:122:6:122:Infinity":33,"s:123:6:123:Infinity":34,"s:125:6:125:Infinity":35}}}
,"/Users/binde/projects/abacus/src/server/adapters/memory-session-store.ts": {"path":"/Users/binde/projects/abacus/src/server/adapters/memory-session-store.ts","statementMap":{"0":{"start":{"line":11,"column":21},"end":{"line":11,"column":null}},"1":{"start":{"line":12,"column":25},"end":{"line":12,"column":null}},"2":{"start":{"line":13,"column":23},"end":{"line":13,"column":null}},"3":{"start":{"line":17,"column":4},"end":{"line":17,"column":null}},"4":{"start":{"line":17,"column":22},"end":{"line":17,"column":38}},"5":{"start":{"line":21,"column":16},"end":{"line":21,"column":null}},"6":{"start":{"line":23,"column":4},"end":{"line":27,"column":null}},"7":{"start":{"line":24,"column":6},"end":{"line":26,"column":null}},"8":{"start":{"line":25,"column":8},"end":{"line":25,"column":null}},"9":{"start":{"line":29,"column":4},"end":{"line":33,"column":null}},"10":{"start":{"line":30,"column":6},"end":{"line":32,"column":null}},"11":{"start":{"line":31,"column":8},"end":{"line":31,"column":null}},"12":{"start":{"line":35,"column":4},"end":{"line":39,"column":null}},"13":{"start":{"line":36,"column":6},"end":{"line":38,"column":null}},"14":{"start":{"line":37,"column":8},"end":{"line":37,"column":null}},"15":{"start":{"line":43,"column":20},"end":{"line":43,"column":null}},"16":{"start":{"line":44,"column":4},"end":{"line":44,"column":null}},"17":{"start":{"line":44,"column":18},"end":{"line":44,"column":null}},"18":{"start":{"line":45,"column":4},"end":{"line":48,"column":null}},"19":{"start":{"line":46,"column":6},"end":{"line":46,"column":null}},"20":{"start":{"line":47,"column":6},"end":{"line":47,"column":null}},"21":{"start":{"line":49,"column":4},"end":{"line":49,"column":null}},"22":{"start":{"line":53,"column":4},"end":{"line":56,"column":null}},"23":{"start":{"line":60,"column":4},"end":{"line":60,"column":null}},"24":{"start":{"line":64,"column":17},"end":{"line":64,"column":null}},"25":{"start":{"line":65,"column":4},"end":{"line":65,"column":null}},"26":{"start":{"line":65,"column":15},"end":{"line":65,"column":null}},"27":{"start":{"line":66,"column":4},"end":{"line":69,"column":null}},"28":{"start":{"line":67,"column":6},"end":{"line":67,"column":null}},"29":{"start":{"line":68,"column":6},"end":{"line":68,"column":null}},"30":{"start":{"line":70,"column":4},"end":{"line":70,"column":null}},"31":{"start":{"line":74,"column":21},"end":{"line":74,"column":null}},"32":{"start":{"line":75,"column":4},"end":{"line":78,"column":null}},"33":{"start":{"line":82,"column":19},"end":{"line":82,"column":null}},"34":{"start":{"line":83,"column":4},"end":{"line":85,"column":null}},"35":{"start":{"line":84,"column":6},"end":{"line":84,"column":null}},"36":{"start":{"line":86,"column":4},"end":{"line":86,"column":null}},"37":{"start":{"line":94,"column":24},"end":{"line":94,"column":null}},"38":{"start":{"line":95,"column":25},"end":{"line":95,"column":null}},"39":{"start":{"line":97,"column":21},"end":{"line":97,"column":null}},"40":{"start":{"line":98,"column":18},"end":{"line":98,"column":null}},"41":{"start":{"line":100,"column":20},"end":{"line":100,"column":null}},"42":{"start":{"line":101,"column":22},"end":{"line":101,"column":null}},"43":{"start":{"line":102,"column":20},"end":{"line":102,"column":null}},"44":{"start":{"line":104,"column":4},"end":{"line":109,"column":null}},"45":{"start":{"line":105,"column":6},"end":{"line":108,"column":null}},"46":{"start":{"line":111,"column":4},"end":{"line":111,"column":null}}},"fnMap":{"0":{"name":"(anonymous_0)","decl":{"start":{"line":15,"column":2},"end":{"line":15,"column":16}},"loc":{"start":{"line":15,"column":16},"end":{"line":18,"column":null}},"line":15},"1":{"name":"(anonymous_1)","decl":{"start":{"line":17,"column":16},"end":{"line":17,"column":22}},"loc":{"start":{"line":17,"column":22},"end":{"line":17,"column":38}},"line":17},"2":{"name":"(anonymous_2)","decl":{"start":{"line":20,"column":10},"end":{"line":20,"column":26}},"loc":{"start":{"line":20,"column":26},"end":{"line":40,"column":null}},"line":20},"3":{"name":"(anonymous_3)","decl":{"start":{"line":42,"column":8},"end":{"line":42,"column":19}},"loc":{"start":{"line":42,"column":63},"end":{"line":50,"column":null}},"line":42},"4":{"name":"(anonymous_4)","decl":{"start":{"line":52,"column":8},"end":{"line":52,"column":22}},"loc":{"start":{"line":52,"column":91},"end":{"line":57,"column":null}},"line":52},"5":{"name":"(anonymous_5)","decl":{"start":{"line":59,"column":8},"end":{"line":59,"column":22}},"loc":{"start":{"line":59,"column":52},"end":{"line":61,"column":null}},"line":59},"6":{"name":"(anonymous_6)","decl":{"start":{"line":63,"column":8},"end":{"line":63,"column":24}},"loc":{"start":{"line":63,"column":59},"end":{"line":71,"column":null}},"line":63},"7":{"name":"(anonymous_7)","decl":{"start":{"line":73,"column":8},"end":{"line":73,"column":23}},"loc":{"start":{"line":73,"column":89},"end":{"line":79,"column":null}},"line":73},"8":{"name":"(anonymous_8)","decl":{"start":{"line":81,"column":8},"end":{"line":81,"column":30}},"loc":{"start":{"line":81,"column":61},"end":{"line":87,"column":null}},"line":81},"9":{"name":"(anonymous_9)","decl":{"start":{"line":89,"column":8},"end":{"line":89,"column":23}},"loc":{"start":{"line":93,"column":5},"end":{"line":112,"column":null}},"line":93}},"branchMap":{"0":{"loc":{"start":{"line":24,"column":6},"end":{"line":26,"column":null}},"type":"if","locations":[{"start":{"line":24,"column":6},"end":{"line":26,"column":null}},{"start":{},"end":{}}],"line":24},"1":{"loc":{"start":{"line":30,"column":6},"end":{"line":32,"column":null}},"type":"if","locations":[{"start":{"line":30,"column":6},"end":{"line":32,"column":null}},{"start":{},"end":{}}],"line":30},"2":{"loc":{"start":{"line":36,"column":6},"end":{"line":38,"column":null}},"type":"if","locations":[{"start":{"line":36,"column":6},"end":{"line":38,"column":null}},{"start":{},"end":{}}],"line":36},"3":{"loc":{"start":{"line":44,"column":4},"end":{"line":44,"column":null}},"type":"if","locations":[{"start":{"line":44,"column":4},"end":{"line":44,"column":null}},{"start":{},"end":{}}],"line":44},"4":{"loc":{"start":{"line":45,"column":4},"end":{"line":48,"column":null}},"type":"if","locations":[{"start":{"line":45,"column":4},"end":{"line":48,"column":null}},{"start":{},"end":{}}],"line":45},"5":{"loc":{"start":{"line":65,"column":4},"end":{"line":65,"column":null}},"type":"if","locations":[{"start":{"line":65,"column":4},"end":{"line":65,"column":null}},{"start":{},"end":{}}],"line":65},"6":{"loc":{"start":{"line":66,"column":4},"end":{"line":69,"column":null}},"type":"if","locations":[{"start":{"line":66,"column":4},"end":{"line":69,"column":null}},{"start":{},"end":{}}],"line":66},"7":{"loc":{"start":{"line":98,"column":18},"end":{"line":98,"column":null}},"type":"cond-expr","locations":[{"start":{"line":98,"column":64},"end":{"line":98,"column":81}},{"start":{"line":98,"column":81},"end":{"line":98,"column":null}}],"line":98},"8":{"loc":{"start":{"line":98,"column":18},"end":{"line":98,"column":64}},"type":"binary-expr","locations":[{"start":{"line":98,"column":18},"end":{"line":98,"column":30}},{"start":{"line":98,"column":30},"end":{"line":98,"column":64}}],"line":98},"9":{"loc":{"start":{"line":101,"column":57},"end":{"line":101,"column":73}},"type":"cond-expr","locations":[{"start":{"line":101,"column":67},"end":{"line":101,"column":71}},{"start":{"line":101,"column":71},"end":{"line":101,"column":73}}],"line":101},"10":{"loc":{"start":{"line":104,"column":4},"end":{"line":109,"column":null}},"type":"if","locations":[{"start":{"line":104,"column":4},"end":{"line":109,"column":null}},{"start":{},"end":{}}],"line":104}},"s":{"0":14,"1":14,"2":14,"3":14,"4":4,"5":4,"6":4,"7":2,"8":1,"9":4,"10":2,"11":1,"12":4,"13":1,"14":0,"15":9,"16":9,"17":5,"18":4,"19":1,"20":1,"21":3,"22":6,"23":1,"24":11,"25":11,"26":6,"27":5,"28":1,"29":1,"30":4,"31":6,"32":6,"33":1,"34":1,"35":2,"36":1,"37":16,"38":16,"39":16,"40":16,"41":16,"42":16,"43":16,"44":16,"45":14,"46":16},"f":{"0":14,"1":4,"2":4,"3":9,"4":6,"5":1,"6":11,"7":6,"8":1,"9":16},"b":{"0":[1,1],"1":[1,1],"2":[0,1],"3":[5,4],"4":[1,3],"5":[6,5],"6":[1,4],"7":[9,7],"8":[16,9],"9":[14,2],"10":[14,2]},"meta":{"lastBranch":11,"lastFunction":10,"lastStatement":47,"seen":{"s:11:21:11:Infinity":0,"s:12:25:12:Infinity":1,"s:13:23:13:Infinity":2,"f:15:2:15:16":0,"s:17:4:17:Infinity":3,"f:17:16:17:22":1,"s:17:22:17:38":4,"f:20:10:20:26":2,"s:21:16:21:Infinity":5,"s:23:4:27:Infinity":6,"b:24:6:26:Infinity:undefined:undefined:undefined:undefined":0,"s:24:6:26:Infinity":7,"s:25:8:25:Infinity":8,"s:29:4:33:Infinity":9,"b:30:6:32:Infinity:undefined:undefined:undefined:undefined":1,"s:30:6:32:Infinity":10,"s:31:8:31:Infinity":11,"s:35:4:39:Infinity":12,"b:36:6:38:Infinity:undefined:undefined:undefined:undefined":2,"s:36:6:38:Infinity":13,"s:37:8:37:Infinity":14,"f:42:8:42:19":3,"s:43:20:43:Infinity":15,"b:44:4:44:Infinity:undefined:undefined:undefined:undefined":3,"s:44:4:44:Infinity":16,"s:44:18:44:Infinity":17,"b:45:4:48:Infinity:undefined:undefined:undefined:undefined":4,"s:45:4:48:Infinity":18,"s:46:6:46:Infinity":19,"s:47:6:47:Infinity":20,"s:49:4:49:Infinity":21,"f:52:8:52:22":4,"s:53:4:56:Infinity":22,"f:59:8:59:22":5,"s:60:4:60:Infinity":23,"f:63:8:63:24":6,"s:64:17:64:Infinity":24,"b:65:4:65:Infinity:undefined:undefined:undefined:undefined":5,"s:65:4:65:Infinity":25,"s:65:15:65:Infinity":26,"b:66:4:69:Infinity:undefined:undefined:undefined:undefined":6,"s:66:4:69:Infinity":27,"s:67:6:67:Infinity":28,"s:68:6:68:Infinity":29,"s:70:4:70:Infinity":30,"f:73:8:73:23":7,"s:74:21:74:Infinity":31,"s:75:4:78:Infinity":32,"f:81:8:81:30":8,"s:82:19:82:Infinity":33,"s:83:4:85:Infinity":34,"s:84:6:84:Infinity":35,"s:86:4:86:Infinity":36,"f:89:8:89:23":9,"s:94:24:94:Infinity":37,"s:95:25:95:Infinity":38,"s:97:21:97:Infinity":39,"s:98:18:98:Infinity":40,"b:98:64:98:81:98:81:98:Infinity":7,"b:98:18:98:30:98:30:98:64":8,"s:100:20:100:Infinity":41,"s:101:22:101:Infinity":42,"b:101:67:101:71:101:71:101:73":9,"s:102:20:102:Infinity":43,"b:104:4:109:Infinity:undefined:undefined:undefined:undefined":10,"s:104:4:109:Infinity":44,"s:105:6:108:Infinity":45,"s:111:4:111:Infinity":46}}}
,"/Users/binde/projects/abacus/src/server/adapters/web-crypto.ts": {"path":"/Users/binde/projects/abacus/src/server/adapters/web-crypto.ts","statementMap":{"0":{"start":{"line":7,"column":21},"end":{"line":7,"column":null}},"1":{"start":{"line":8,"column":16},"end":{"line":14,"column":null}},"2":{"start":{"line":16,"column":15},"end":{"line":16,"column":null}},"3":{"start":{"line":17,"column":20},"end":{"line":17,"column":null}},"4":{"start":{"line":19,"column":23},"end":{"line":23,"column":null}},"5":{"start":{"line":26,"column":21},"end":{"line":26,"column":null}},"6":{"start":{"line":27,"column":4},"end":{"line":27,"column":null}},"7":{"start":{"line":28,"column":4},"end":{"line":28,"column":null}},"8":{"start":{"line":30,"column":4},"end":{"line":30,"column":null}},"9":{"start":{"line":34,"column":21},"end":{"line":34,"column":null}},"10":{"start":{"line":35,"column":16},"end":{"line":41,"column":null}},"11":{"start":{"line":43,"column":21},"end":{"line":43,"column":null}},"12":{"start":{"line":43,"column":60},"end":{"line":43,"column":75}},"13":{"start":{"line":44,"column":15},"end":{"line":44,"column":null}},"14":{"start":{"line":45,"column":17},"end":{"line":45,"column":null}},"15":{"start":{"line":47,"column":22},"end":{"line":51,"column":null}},"16":{"start":{"line":53,"column":4},"end":{"line":53,"column":null}},"17":{"start":{"line":57,"column":4},"end":{"line":57,"column":null}},"18":{"start":{"line":61,"column":4},"end":{"line":61,"column":null}},"19":{"start":{"line":65,"column":16},"end":{"line":71,"column":null}},"20":{"start":{"line":73,"column":16},"end":{"line":77,"column":null}},"21":{"start":{"line":79,"column":21},"end":{"line":79,"column":null}},"22":{"start":{"line":80,"column":4},"end":{"line":80,"column":null}},"23":{"start":{"line":85,"column":16},"end":{"line":85,"column":null}},"24":{"start":{"line":86,"column":2},"end":{"line":88,"column":null}},"25":{"start":{"line":86,"column":15},"end":{"line":86,"column":18}},"26":{"start":{"line":87,"column":4},"end":{"line":87,"column":null}},"27":{"start":{"line":89,"column":2},"end":{"line":89,"column":null}},"28":{"start":{"line":93,"column":2},"end":{"line":95,"column":null}},"29":{"start":{"line":94,"column":14},"end":{"line":94,"column":45}},"30":{"start":{"line":99,"column":2},"end":{"line":99,"column":null}},"31":{"start":{"line":99,"column":29},"end":{"line":99,"column":null}},"32":{"start":{"line":100,"column":15},"end":{"line":100,"column":null}},"33":{"start":{"line":101,"column":2},"end":{"line":103,"column":null}},"34":{"start":{"line":101,"column":15},"end":{"line":101,"column":18}},"35":{"start":{"line":102,"column":4},"end":{"line":102,"column":null}},"36":{"start":{"line":104,"column":2},"end":{"line":104,"column":null}}},"fnMap":{"0":{"name":"(anonymous_0)","decl":{"start":{"line":6,"column":8},"end":{"line":6,"column":16}},"loc":{"start":{"line":6,"column":68},"end":{"line":31,"column":null}},"line":6},"1":{"name":"(anonymous_1)","decl":{"start":{"line":33,"column":8},"end":{"line":33,"column":16}},"loc":{"start":{"line":33,"column":69},"end":{"line":54,"column":null}},"line":33},"2":{"name":"(anonymous_2)","decl":{"start":{"line":43,"column":55},"end":{"line":43,"column":60}},"loc":{"start":{"line":43,"column":60},"end":{"line":43,"column":75}},"line":43},"3":{"name":"(anonymous_3)","decl":{"start":{"line":56,"column":2},"end":{"line":56,"column":26}},"loc":{"start":{"line":56,"column":26},"end":{"line":58,"column":null}},"line":56},"4":{"name":"(anonymous_4)","decl":{"start":{"line":60,"column":2},"end":{"line":60,"column":34}},"loc":{"start":{"line":60,"column":34},"end":{"line":62,"column":null}},"line":60},"5":{"name":"(anonymous_5)","decl":{"start":{"line":64,"column":8},"end":{"line":64,"column":19}},"loc":{"start":{"line":64,"column":89},"end":{"line":81,"column":null}},"line":64},"6":{"name":"hexToBytes","decl":{"start":{"line":84,"column":9},"end":{"line":84,"column":20}},"loc":{"start":{"line":84,"column":45},"end":{"line":90,"column":null}},"line":84},"7":{"name":"bytesToHex","decl":{"start":{"line":92,"column":9},"end":{"line":92,"column":20}},"loc":{"start":{"line":92,"column":47},"end":{"line":96,"column":null}},"line":92},"8":{"name":"(anonymous_8)","decl":{"start":{"line":94,"column":9},"end":{"line":94,"column":14}},"loc":{"start":{"line":94,"column":14},"end":{"line":94,"column":45}},"line":94},"9":{"name":"timingSafeEqual","decl":{"start":{"line":98,"column":9},"end":{"line":98,"column":25}},"loc":{"start":{"line":98,"column":56},"end":{"line":105,"column":null}},"line":98}},"branchMap":{"0":{"loc":{"start":{"line":99,"column":2},"end":{"line":99,"column":null}},"type":"if","locations":[{"start":{"line":99,"column":2},"end":{"line":99,"column":null}},{"start":{},"end":{}}],"line":99}},"s":{"0":8,"1":8,"2":8,"3":8,"4":8,"5":8,"6":8,"7":8,"8":8,"9":8,"10":8,"11":8,"12":10320,"13":8,"14":8,"15":8,"16":6,"17":101,"18":101,"19":5,"20":5,"21":5,"22":5,"23":16,"24":16,"25":16,"26":512,"27":16,"28":5,"29":160,"30":5,"31":1,"32":4,"33":4,"34":4,"35":284,"36":4},"f":{"0":8,"1":8,"2":10320,"3":101,"4":101,"5":5,"6":16,"7":5,"8":160,"9":5},"b":{"0":[1,4]},"meta":{"lastBranch":1,"lastFunction":10,"lastStatement":37,"seen":{"f:6:8:6:16":0,"s:7:21:7:Infinity":0,"s:8:16:14:Infinity":1,"s:16:15:16:Infinity":2,"s:17:20:17:Infinity":3,"s:19:23:23:Infinity":4,"s:26:21:26:Infinity":5,"s:27:4:27:Infinity":6,"s:28:4:28:Infinity":7,"s:30:4:30:Infinity":8,"f:33:8:33:16":1,"s:34:21:34:Infinity":9,"s:35:16:41:Infinity":10,"s:43:21:43:Infinity":11,"f:43:55:43:60":2,"s:43:60:43:75":12,"s:44:15:44:Infinity":13,"s:45:17:45:Infinity":14,"s:47:22:51:Infinity":15,"s:53:4:53:Infinity":16,"f:56:2:56:26":3,"s:57:4:57:Infinity":17,"f:60:2:60:34":4,"s:61:4:61:Infinity":18,"f:64:8:64:19":5,"s:65:16:71:Infinity":19,"s:73:16:77:Infinity":20,"s:79:21:79:Infinity":21,"s:80:4:80:Infinity":22,"f:84:9:84:20":6,"s:85:16:85:Infinity":23,"s:86:2:88:Infinity":24,"s:86:15:86:18":25,"s:87:4:87:Infinity":26,"s:89:2:89:Infinity":27,"f:92:9:92:20":7,"s:93:2:95:Infinity":28,"f:94:9:94:14":8,"s:94:14:94:45":29,"f:98:9:98:25":9,"b:99:2:99:Infinity:undefined:undefined:undefined:undefined":0,"s:99:2:99:Infinity":30,"s:99:29:99:Infinity":31,"s:100:15:100:Infinity":32,"s:101:2:103:Infinity":33,"s:101:15:101:18":34,"s:102:4:102:Infinity":35,"s:104:2:104:Infinity":36}}}
}
